<?xml version="1.0" encoding="UTF-8"?>
<!-- Generated by org.testng.reporters.JUnitReportReporter -->
<testsuite hostname="7dcca92742785d8" failures="0" tests="1" name="runner.TestRunner" time="7.213" errors="0" timestamp="2024-12-18T20:22:31 IST" skipped="0">
  <testcase classname="runner.TestRunner" name="runScenario" time="7.213"/>
</testsuite> <!-- runner.TestRunner -->
