<?xml version="1.0" encoding="UTF-8"?>
<!-- Generated by org.testng.reporters.JUnitReportReporter -->
<testsuite hostname="7dcca92742785d8" failures="0" tests="3" name="APITesting.APItest" time="5.310" errors="0" timestamp="2024-12-18T20:21:05 IST" skipped="0">
  <testcase classname="APITesting.APItest" name="testgetrequest" time="1.528"/>
  <testcase classname="APITesting.APItest" name="testgetrequest" time="0.649"/>
  <testcase classname="APITesting.APItest" name="testgetrequest" time="3.133"/>
</testsuite> <!-- APITesting.APItest -->
